<?xml version="1.0" encoding="UTF-8"?>
<testsuite name="runner.TestRunner" time="0.005" tests="26" errors="0" skipped="0" failures="0">
  <properties>
    <property name="java.runtime.name" value="Java(TM) SE Runtime Environment"/>
    <property name="java.vm.version" value="12.0.2+10"/>
    <property name="sun.boot.library.path" value="/Library/Java/JavaVirtualMachines/jdk-12.0.2.jdk/Contents/Home/lib"/>
    <property name="maven.multiModuleProjectDirectory" value="/Users/faisalnaziry/eclipse-workspace/com.codegator.cucumber"/>
    <property name="java.vm.vendor" value="Oracle Corporation"/>
    <property name="java.vendor.url" value="https://java.oracle.com/"/>
    <property name="guice.disable.misplaced.annotation.check" value="true"/>
    <property name="path.separator" value=":"/>
    <property name="java.vm.name" value="Java HotSpot(TM) 64-Bit Server VM"/>
    <property name="user.country" value="US"/>
    <property name="sun.java.launcher" value="SUN_STANDARD"/>
    <property name="java.vm.specification.name" value="Java Virtual Machine Specification"/>
    <property name="user.dir" value="/Users/faisalnaziry/eclipse-workspace/com.codegator.cucumber"/>
    <property name="java.vm.compressedOopsMode" value="Zero based"/>
    <property name="java.runtime.version" value="12.0.2+10"/>
    <property name="java.awt.graphicsenv" value="sun.awt.CGraphicsEnvironment"/>
    <property name="os.arch" value="x86_64"/>
    <property name="java.io.tmpdir" value="/var/folders/hc/8gz81p2j1rb9k2dlw1sqj4b40000gn/T/"/>
    <property name="line.separator" value="&#10;"/>
    <property name="java.vm.specification.vendor" value="Oracle Corporation"/>
    <property name="os.name" value="Mac OS X"/>
    <property name="classworlds.conf" value="/usr/local/apache-maven/apache-maven-3.6.2/bin/m2.conf"/>
    <property name="sun.jnu.encoding" value="UTF-8"/>
    <property name="java.library.path" value="/Users/faisalnaziry/Library/Java/Extensions:/Library/Java/Extensions:/Network/Library/Java/Extensions:/System/Library/Java/Extensions:/usr/lib/java:."/>
    <property name="maven.conf" value="/usr/local/apache-maven/apache-maven-3.6.2/conf"/>
    <property name="jdk.debug" value="release"/>
    <property name="java.class.version" value="56.0"/>
    <property name="java.specification.name" value="Java Platform API Specification"/>
    <property name="sun.management.compiler" value="HotSpot 64-Bit Tiered Compilers"/>
    <property name="os.version" value="10.14.5"/>
    <property name="library.jansi.path" value="/usr/local/apache-maven/apache-maven-3.6.2/lib/jansi-native"/>
    <property name="http.nonProxyHosts" value="local|*.local|169.254/16|*.169.254/16"/>
    <property name="user.home" value="/Users/faisalnaziry"/>
    <property name="user.timezone" value="America/New_York"/>
    <property name="file.encoding" value="UTF-8"/>
    <property name="java.specification.version" value="12"/>
    <property name="user.name" value="faisalnaziry"/>
    <property name="java.class.path" value="/usr/local/apache-maven/apache-maven-3.6.2/boot/plexus-classworlds-2.6.0.jar"/>
    <property name="java.vm.specification.version" value="12"/>
    <property name="sun.arch.data.model" value="64"/>
    <property name="sun.java.command" value="org.codehaus.plexus.classworlds.launcher.Launcher test"/>
    <property name="java.home" value="/Library/Java/JavaVirtualMachines/jdk-12.0.2.jdk/Contents/Home"/>
    <property name="user.language" value="en"/>
    <property name="java.specification.vendor" value="Oracle Corporation"/>
    <property name="awt.toolkit" value="sun.lwawt.macosx.LWCToolkit"/>
    <property name="java.vm.info" value="mixed mode, sharing"/>
    <property name="java.version" value="12.0.2"/>
    <property name="java.vendor" value="Oracle Corporation"/>
    <property name="maven.home" value="/usr/local/apache-maven/apache-maven-3.6.2"/>
    <property name="file.separator" value="/"/>
    <property name="java.version.date" value="2019-07-16"/>
    <property name="java.vendor.url.bug" value="https://bugreport.java.com/bugreport/"/>
    <property name="sun.io.unicode.encoding" value="UnicodeBig"/>
    <property name="sun.cpu.endian" value="little"/>
    <property name="socksNonProxyHosts" value="local|*.local|169.254/16|*.169.254/16"/>
    <property name="ftp.nonProxyHosts" value="local|*.local|169.254/16|*.169.254/16"/>
  </properties>
  <testcase name="Given I open chrome browser" classname="Scenario: Creating Account" time="0.001"/>
  <testcase name="And I go to salesforce home page" classname="Scenario: Creating Account" time="0"/>
  <testcase name="And I enter username" classname="Scenario: Creating Account" time="0.001"/>
  <testcase name="And I enter password" classname="Scenario: Creating Account" time="0"/>
  <testcase name="When I click the login button" classname="Scenario: Creating Account" time="0"/>
  <testcase name="Then I see the dashboard" classname="Scenario: Creating Account" time="0"/>
  <testcase name="And I create Account" classname="Scenario: Creating Account" time="0"/>
  <testcase name="And I ignore the error and save" classname="Scenario: Creating Account" time="0.001"/>
  <testcase name="And I quit the browser" classname="Scenario: Creating Account" time="0"/>
  <testcase name="Scenario: Creating Account" classname="Scenario: Creating Account" time="0"/>
  <testcase name="Given I open chrome browser" classname="Scenario: login using valid credentials" time="0"/>
  <testcase name="And I go to salesforce home page" classname="Scenario: login using valid credentials" time="0"/>
  <testcase name="And I enter username" classname="Scenario: login using valid credentials" time="0"/>
  <testcase name="And I enter password" classname="Scenario: login using valid credentials" time="0"/>
  <testcase name="When I click the login button" classname="Scenario: login using valid credentials" time="0"/>
  <testcase name="Then I see the dashboard" classname="Scenario: login using valid credentials" time="0"/>
  <testcase name="And I quit the browser" classname="Scenario: login using valid credentials" time="0"/>
  <testcase name="Scenario: login using valid credentials" classname="Scenario: login using valid credentials" time="0.001"/>
  <testcase name="Given I open chrome browser" classname="Scenario: login using invalid credintials" time="0"/>
  <testcase name="And I go to salesforce home page" classname="Scenario: login using invalid credintials" time="0"/>
  <testcase name="And I enter ivalid username" classname="Scenario: login using invalid credintials" time="0"/>
  <testcase name="And I enter invalid password" classname="Scenario: login using invalid credintials" time="0"/>
  <testcase name="When I click the login button" classname="Scenario: login using invalid credintials" time="0"/>
  <testcase name="Then I should not be able to login" classname="Scenario: login using invalid credintials" time="0"/>
  <testcase name="And I quit the browser" classname="Scenario: login using invalid credintials" time="0"/>
  <testcase name="Scenario: login using invalid credintials" classname="Scenario: login using invalid credintials" time="0.001"/>
</testsuite>